INFO (04/07/2024 12:46:30): Тестируем файл на данные (Line: 19) [conftest.py]
DEBUG (04/07/2024 12:46:30): Selenium Manager binary found at: C:\Users\User PC\PycharmProjects\gnida\Lib\site-packages\selenium\webdriver\common\windows\selenium-manager.exe (Line: 90) [selenium_manager.py]
DEBUG (04/07/2024 12:46:30): Executing process: C:\Users\User PC\PycharmProjects\gnida\Lib\site-packages\selenium\webdriver\common\windows\selenium-manager.exe --browser chrome --debug --language-binding python --output json (Line: 103) [selenium_manager.py]
DEBUG (04/07/2024 12:46:30): chromedriver not found in PATH (Line: 129) [selenium_manager.py]
DEBUG (04/07/2024 12:46:30): chrome detected at C:\Program Files\Google\Chrome\Application\chrome.exe (Line: 129) [selenium_manager.py]
DEBUG (04/07/2024 12:46:30): Running command: wmic datafile where name='C:\\Program Files\\Google\\Chrome\\Application\\chrome.exe' get Version /value (Line: 129) [selenium_manager.py]
DEBUG (04/07/2024 12:46:30): Output: "\r\r\n\r\r\nVersion=126.0.6478.127\r\r\n\r\r\n\r\r\n\r" (Line: 129) [selenium_manager.py]
DEBUG (04/07/2024 12:46:30): Detected browser: chrome 126.0.6478.127 (Line: 129) [selenium_manager.py]
DEBUG (04/07/2024 12:46:30): Required driver: chromedriver 126.0.6478.126 (Line: 129) [selenium_manager.py]
DEBUG (04/07/2024 12:46:30): chromedriver 126.0.6478.126 already in the cache (Line: 129) [selenium_manager.py]
DEBUG (04/07/2024 12:46:30): Driver path: C:\Users\User PC\.cache\selenium\chromedriver\win64\126.0.6478.126\chromedriver.exe (Line: 129) [selenium_manager.py]
DEBUG (04/07/2024 12:46:30): Browser path: C:\Program Files\Google\Chrome\Application\chrome.exe (Line: 129) [selenium_manager.py]
DEBUG (04/07/2024 12:46:30): Started executable: `C:\Users\User PC\.cache\selenium\chromedriver\win64\126.0.6478.126\chromedriver.exe` in a child process with pid: 11120 using 0 to output -3 (Line: 219) [service.py]
DEBUG (04/07/2024 12:46:31): POST http://localhost:55415/session {'capabilities': {'firstMatch': [{}], 'alwaysMatch': {'browserName': 'chrome', 'pageLoadStrategy': <PageLoadStrategy.normal: 'normal'>, 'browserVersion': None, 'goog:chromeOptions': {'extensions': [], 'binary': 'C:\\Program Files\\Google\\Chrome\\Application\\chrome.exe', 'args': []}}}} (Line: 301) [remote_connection.py]
DEBUG (04/07/2024 12:46:31): Starting new HTTP connection (1): localhost:55415 (Line: 243) [connectionpool.py]
DEBUG (04/07/2024 12:46:32): http://localhost:55415 "POST /session HTTP/11" 200 0 (Line: 546) [connectionpool.py]
DEBUG (04/07/2024 12:46:32): Remote response: status=200 | data={"value":{"capabilities":{"acceptInsecureCerts":false,"browserName":"chrome","browserVersion":"126.0.6478.127","chrome":{"chromedriverVersion":"126.0.6478.126 (d36ace6122e0a59570e258d82441395206d60e1c-refs/branch-heads/6478@{#1591})","userDataDir":"C:\\Users\\USERPC~1\\AppData\\Local\\Temp\\scoped_dir11120_771357935"},"fedcm:accounts":true,"goog:chromeOptions":{"debuggerAddress":"localhost:55418"},"networkConnectionEnabled":false,"pageLoadStrategy":"normal","platformName":"windows","proxy":{},"setWindowRect":true,"strictFileInteractability":false,"timeouts":{"implicit":0,"pageLoad":300000,"script":30000},"unhandledPromptBehavior":"dismiss and notify","webauthn:extension:credBlob":true,"webauthn:extension:largeBlob":true,"webauthn:extension:minPinLength":true,"webauthn:extension:prf":true,"webauthn:virtualAuthenticators":true},"sessionId":"01c25a5ee9df56fad0ff8c6c13edf9f8"}} | headers=HTTPHeaderDict({'Content-Length': '886', 'Content-Type': 'application/json; charset=utf-8', 'cache-control': 'no-cache'}) (Line: 330) [remote_connection.py]
DEBUG (04/07/2024 12:46:32): Finished Request (Line: 357) [remote_connection.py]
DEBUG (04/07/2024 12:46:32): POST http://localhost:55415/session/01c25a5ee9df56fad0ff8c6c13edf9f8/timeouts {'implicit': 60000} (Line: 301) [remote_connection.py]
DEBUG (04/07/2024 12:46:32): http://localhost:55415 "POST /session/01c25a5ee9df56fad0ff8c6c13edf9f8/timeouts HTTP/11" 200 0 (Line: 546) [connectionpool.py]
DEBUG (04/07/2024 12:46:32): Remote response: status=200 | data={"value":null} | headers=HTTPHeaderDict({'Content-Length': '14', 'Content-Type': 'application/json; charset=utf-8', 'cache-control': 'no-cache'}) (Line: 330) [remote_connection.py]
DEBUG (04/07/2024 12:46:32): Finished Request (Line: 357) [remote_connection.py]
DEBUG (04/07/2024 12:46:32): POST http://localhost:55415/session/01c25a5ee9df56fad0ff8c6c13edf9f8/url {'url': 'https://github.com/microsoft/vscode/issues'} (Line: 301) [remote_connection.py]
DEBUG (04/07/2024 12:46:44): http://localhost:55415 "POST /session/01c25a5ee9df56fad0ff8c6c13edf9f8/url HTTP/11" 200 0 (Line: 546) [connectionpool.py]
DEBUG (04/07/2024 12:46:44): Remote response: status=200 | data={"value":null} | headers=HTTPHeaderDict({'Content-Length': '14', 'Content-Type': 'application/json; charset=utf-8', 'cache-control': 'no-cache'}) (Line: 330) [remote_connection.py]
DEBUG (04/07/2024 12:46:44): Finished Request (Line: 357) [remote_connection.py]
DEBUG (04/07/2024 12:46:44): POST http://localhost:55415/session/01c25a5ee9df56fad0ff8c6c13edf9f8/element {'using': 'xpath', 'value': "(//span[@class='dropdown-caret hide-sm'])[1]"} (Line: 301) [remote_connection.py]
DEBUG (04/07/2024 12:46:44): http://localhost:55415 "POST /session/01c25a5ee9df56fad0ff8c6c13edf9f8/element HTTP/11" 200 0 (Line: 546) [connectionpool.py]
DEBUG (04/07/2024 12:46:44): Remote response: status=200 | data={"value":{"element-6066-11e4-a52e-4f735466cecf":"f.E8BBA95FDF4C9E404903960D3066FF45.d.9A254005A7A4F65FF712451AB999FBD2.e.46"}} | headers=HTTPHeaderDict({'Content-Length': '126', 'Content-Type': 'application/json; charset=utf-8', 'cache-control': 'no-cache'}) (Line: 330) [remote_connection.py]
DEBUG (04/07/2024 12:46:44): Finished Request (Line: 357) [remote_connection.py]
DEBUG (04/07/2024 12:46:44): POST http://localhost:55415/session/01c25a5ee9df56fad0ff8c6c13edf9f8/element/f.E8BBA95FDF4C9E404903960D3066FF45.d.9A254005A7A4F65FF712451AB999FBD2.e.46/click {} (Line: 301) [remote_connection.py]
DEBUG (04/07/2024 12:46:44): http://localhost:55415 "POST /session/01c25a5ee9df56fad0ff8c6c13edf9f8/element/f.E8BBA95FDF4C9E404903960D3066FF45.d.9A254005A7A4F65FF712451AB999FBD2.e.46/click HTTP/11" 200 0 (Line: 546) [connectionpool.py]
DEBUG (04/07/2024 12:46:44): Remote response: status=200 | data={"value":null} | headers=HTTPHeaderDict({'Content-Length': '14', 'Content-Type': 'application/json; charset=utf-8', 'cache-control': 'no-cache'}) (Line: 330) [remote_connection.py]
DEBUG (04/07/2024 12:46:44): Finished Request (Line: 357) [remote_connection.py]
DEBUG (04/07/2024 12:46:44): POST http://localhost:55415/session/01c25a5ee9df56fad0ff8c6c13edf9f8/element {'using': 'css selector', 'value': '[id="author-filter-field"]'} (Line: 301) [remote_connection.py]
DEBUG (04/07/2024 12:46:44): http://localhost:55415 "POST /session/01c25a5ee9df56fad0ff8c6c13edf9f8/element HTTP/11" 200 0 (Line: 546) [connectionpool.py]
DEBUG (04/07/2024 12:46:44): Remote response: status=200 | data={"value":{"element-6066-11e4-a52e-4f735466cecf":"f.E8BBA95FDF4C9E404903960D3066FF45.d.9A254005A7A4F65FF712451AB999FBD2.e.42"}} | headers=HTTPHeaderDict({'Content-Length': '126', 'Content-Type': 'application/json; charset=utf-8', 'cache-control': 'no-cache'}) (Line: 330) [remote_connection.py]
DEBUG (04/07/2024 12:46:44): Finished Request (Line: 357) [remote_connection.py]
DEBUG (04/07/2024 12:46:44): POST http://localhost:55415/session/01c25a5ee9df56fad0ff8c6c13edf9f8/element/f.E8BBA95FDF4C9E404903960D3066FF45.d.9A254005A7A4F65FF712451AB999FBD2.e.42/value {'text': 'b', 'value': ['b']} (Line: 301) [remote_connection.py]
DEBUG (04/07/2024 12:46:44): http://localhost:55415 "POST /session/01c25a5ee9df56fad0ff8c6c13edf9f8/element/f.E8BBA95FDF4C9E404903960D3066FF45.d.9A254005A7A4F65FF712451AB999FBD2.e.42/value HTTP/11" 200 0 (Line: 546) [connectionpool.py]
DEBUG (04/07/2024 12:46:44): Remote response: status=200 | data={"value":null} | headers=HTTPHeaderDict({'Content-Length': '14', 'Content-Type': 'application/json; charset=utf-8', 'cache-control': 'no-cache'}) (Line: 330) [remote_connection.py]
DEBUG (04/07/2024 12:46:44): Finished Request (Line: 357) [remote_connection.py]
DEBUG (04/07/2024 12:46:44): POST http://localhost:55415/session/01c25a5ee9df56fad0ff8c6c13edf9f8/element/f.E8BBA95FDF4C9E404903960D3066FF45.d.9A254005A7A4F65FF712451AB999FBD2.e.42/value {'text': 'p', 'value': ['p']} (Line: 301) [remote_connection.py]
DEBUG (04/07/2024 12:46:44): http://localhost:55415 "POST /session/01c25a5ee9df56fad0ff8c6c13edf9f8/element/f.E8BBA95FDF4C9E404903960D3066FF45.d.9A254005A7A4F65FF712451AB999FBD2.e.42/value HTTP/11" 200 0 (Line: 546) [connectionpool.py]
DEBUG (04/07/2024 12:46:44): Remote response: status=200 | data={"value":null} | headers=HTTPHeaderDict({'Content-Length': '14', 'Content-Type': 'application/json; charset=utf-8', 'cache-control': 'no-cache'}) (Line: 330) [remote_connection.py]
DEBUG (04/07/2024 12:46:44): Finished Request (Line: 357) [remote_connection.py]
DEBUG (04/07/2024 12:46:45): POST http://localhost:55415/session/01c25a5ee9df56fad0ff8c6c13edf9f8/element/f.E8BBA95FDF4C9E404903960D3066FF45.d.9A254005A7A4F65FF712451AB999FBD2.e.42/value {'text': 'a', 'value': ['a']} (Line: 301) [remote_connection.py]
DEBUG (04/07/2024 12:46:45): http://localhost:55415 "POST /session/01c25a5ee9df56fad0ff8c6c13edf9f8/element/f.E8BBA95FDF4C9E404903960D3066FF45.d.9A254005A7A4F65FF712451AB999FBD2.e.42/value HTTP/11" 200 0 (Line: 546) [connectionpool.py]
DEBUG (04/07/2024 12:46:45): Remote response: status=200 | data={"value":null} | headers=HTTPHeaderDict({'Content-Length': '14', 'Content-Type': 'application/json; charset=utf-8', 'cache-control': 'no-cache'}) (Line: 330) [remote_connection.py]
DEBUG (04/07/2024 12:46:45): Finished Request (Line: 357) [remote_connection.py]
DEBUG (04/07/2024 12:46:45): POST http://localhost:55415/session/01c25a5ee9df56fad0ff8c6c13edf9f8/element/f.E8BBA95FDF4C9E404903960D3066FF45.d.9A254005A7A4F65FF712451AB999FBD2.e.42/value {'text': 's', 'value': ['s']} (Line: 301) [remote_connection.py]
DEBUG (04/07/2024 12:46:45): http://localhost:55415 "POST /session/01c25a5ee9df56fad0ff8c6c13edf9f8/element/f.E8BBA95FDF4C9E404903960D3066FF45.d.9A254005A7A4F65FF712451AB999FBD2.e.42/value HTTP/11" 200 0 (Line: 546) [connectionpool.py]
DEBUG (04/07/2024 12:46:45): Remote response: status=200 | data={"value":null} | headers=HTTPHeaderDict({'Content-Length': '14', 'Content-Type': 'application/json; charset=utf-8', 'cache-control': 'no-cache'}) (Line: 330) [remote_connection.py]
DEBUG (04/07/2024 12:46:45): Finished Request (Line: 357) [remote_connection.py]
DEBUG (04/07/2024 12:46:46): POST http://localhost:55415/session/01c25a5ee9df56fad0ff8c6c13edf9f8/element/f.E8BBA95FDF4C9E404903960D3066FF45.d.9A254005A7A4F65FF712451AB999FBD2.e.42/value {'text': 'e', 'value': ['e']} (Line: 301) [remote_connection.py]
DEBUG (04/07/2024 12:46:46): http://localhost:55415 "POST /session/01c25a5ee9df56fad0ff8c6c13edf9f8/element/f.E8BBA95FDF4C9E404903960D3066FF45.d.9A254005A7A4F65FF712451AB999FBD2.e.42/value HTTP/11" 200 0 (Line: 546) [connectionpool.py]
DEBUG (04/07/2024 12:46:46): Remote response: status=200 | data={"value":null} | headers=HTTPHeaderDict({'Content-Length': '14', 'Content-Type': 'application/json; charset=utf-8', 'cache-control': 'no-cache'}) (Line: 330) [remote_connection.py]
DEBUG (04/07/2024 12:46:46): Finished Request (Line: 357) [remote_connection.py]
DEBUG (04/07/2024 12:46:47): POST http://localhost:55415/session/01c25a5ee9df56fad0ff8c6c13edf9f8/element/f.E8BBA95FDF4C9E404903960D3066FF45.d.9A254005A7A4F65FF712451AB999FBD2.e.42/value {'text': 'r', 'value': ['r']} (Line: 301) [remote_connection.py]
DEBUG (04/07/2024 12:46:47): http://localhost:55415 "POST /session/01c25a5ee9df56fad0ff8c6c13edf9f8/element/f.E8BBA95FDF4C9E404903960D3066FF45.d.9A254005A7A4F65FF712451AB999FBD2.e.42/value HTTP/11" 200 0 (Line: 546) [connectionpool.py]
DEBUG (04/07/2024 12:46:47): Remote response: status=200 | data={"value":null} | headers=HTTPHeaderDict({'Content-Length': '14', 'Content-Type': 'application/json; charset=utf-8', 'cache-control': 'no-cache'}) (Line: 330) [remote_connection.py]
DEBUG (04/07/2024 12:46:47): Finished Request (Line: 357) [remote_connection.py]
DEBUG (04/07/2024 12:46:47): POST http://localhost:55415/session/01c25a5ee9df56fad0ff8c6c13edf9f8/element/f.E8BBA95FDF4C9E404903960D3066FF45.d.9A254005A7A4F65FF712451AB999FBD2.e.42/value {'text': 'o', 'value': ['o']} (Line: 301) [remote_connection.py]
DEBUG (04/07/2024 12:46:47): http://localhost:55415 "POST /session/01c25a5ee9df56fad0ff8c6c13edf9f8/element/f.E8BBA95FDF4C9E404903960D3066FF45.d.9A254005A7A4F65FF712451AB999FBD2.e.42/value HTTP/11" 200 0 (Line: 546) [connectionpool.py]
DEBUG (04/07/2024 12:46:47): Remote response: status=200 | data={"value":null} | headers=HTTPHeaderDict({'Content-Length': '14', 'Content-Type': 'application/json; charset=utf-8', 'cache-control': 'no-cache'}) (Line: 330) [remote_connection.py]
DEBUG (04/07/2024 12:46:47): Finished Request (Line: 357) [remote_connection.py]
DEBUG (04/07/2024 12:46:48): POST http://localhost:55415/session/01c25a5ee9df56fad0ff8c6c13edf9f8/element {'using': 'css selector', 'value': '.js-new-item-name'} (Line: 301) [remote_connection.py]
DEBUG (04/07/2024 12:46:48): http://localhost:55415 "POST /session/01c25a5ee9df56fad0ff8c6c13edf9f8/element HTTP/11" 200 0 (Line: 546) [connectionpool.py]
DEBUG (04/07/2024 12:46:48): Remote response: status=200 | data={"value":{"element-6066-11e4-a52e-4f735466cecf":"f.E8BBA95FDF4C9E404903960D3066FF45.d.9A254005A7A4F65FF712451AB999FBD2.e.53"}} | headers=HTTPHeaderDict({'Content-Length': '126', 'Content-Type': 'application/json; charset=utf-8', 'cache-control': 'no-cache'}) (Line: 330) [remote_connection.py]
DEBUG (04/07/2024 12:46:48): Finished Request (Line: 357) [remote_connection.py]
DEBUG (04/07/2024 12:46:48): POST http://localhost:55415/session/01c25a5ee9df56fad0ff8c6c13edf9f8/element/f.E8BBA95FDF4C9E404903960D3066FF45.d.9A254005A7A4F65FF712451AB999FBD2.e.53/click {} (Line: 301) [remote_connection.py]
DEBUG (04/07/2024 12:46:51): http://localhost:55415 "POST /session/01c25a5ee9df56fad0ff8c6c13edf9f8/element/f.E8BBA95FDF4C9E404903960D3066FF45.d.9A254005A7A4F65FF712451AB999FBD2.e.53/click HTTP/11" 200 0 (Line: 546) [connectionpool.py]
DEBUG (04/07/2024 12:46:51): Remote response: status=200 | data={"value":null} | headers=HTTPHeaderDict({'Content-Length': '14', 'Content-Type': 'application/json; charset=utf-8', 'cache-control': 'no-cache'}) (Line: 330) [remote_connection.py]
DEBUG (04/07/2024 12:46:51): Finished Request (Line: 357) [remote_connection.py]
DEBUG (04/07/2024 12:46:56): DELETE http://localhost:55415/session/01c25a5ee9df56fad0ff8c6c13edf9f8 {} (Line: 301) [remote_connection.py]
DEBUG (04/07/2024 12:46:56): http://localhost:55415 "DELETE /session/01c25a5ee9df56fad0ff8c6c13edf9f8 HTTP/11" 200 0 (Line: 546) [connectionpool.py]
DEBUG (04/07/2024 12:46:56): Remote response: status=200 | data={"value":null} | headers=HTTPHeaderDict({'Content-Length': '14', 'Content-Type': 'application/json; charset=utf-8', 'cache-control': 'no-cache'}) (Line: 330) [remote_connection.py]
DEBUG (04/07/2024 12:46:56): Finished Request (Line: 357) [remote_connection.py]
